<?xml version="1.0" encoding="UTF-8"?>
<!-- Generated by org.testng.reporters.JUnitXMLReporter -->
<testsuite hostname="DESKTOP-0GIIAAP" ignored="0" name="Command line test" tests="6" failures="0" timestamp="2020-06-19T04:22:57 IST" time="0.06" errors="0">
  <testcase name="IOSApp" time="0.006" classname="section20maven.Mavenjava.AppiumTest"/>
  <testcase name="nativeAppAndroid" time="0.001" classname="section20maven.Mavenjava.AppiumTest"/>
  <testcase name="deletTwitter" time="0.0" classname="section20maven.Mavenjava.RESTAPITest"/>
  <testcase name="postJira" time="0.0" classname="section20maven.Mavenjava.RESTAPITest"/>
  <testcase name="browserAutomation" time="0.0" classname="section20maven.Mavenjava.SeleniumTest"/>
  <testcase name="elementsUI" time="0.0" classname="section20maven.Mavenjava.SeleniumTest"/>
</testsuite> <!-- Command line test -->
