<?xml version="1.0" encoding="UTF-8"?>
<testng-results skipped="0" failed="0" ignored="0" total="6" passed="6">
  <reporter-output>
  </reporter-output>
  <suite name="Command line suite" duration-ms="60" started-at="2020-06-19T04:22:57 IST" finished-at="2020-06-19T04:22:57 IST">
    <groups>
    </groups>
    <test name="Command line test" duration-ms="60" started-at="2020-06-19T04:22:57 IST" finished-at="2020-06-19T04:22:57 IST">
      <class name="section20maven.Mavenjava.AppiumTest">
        <test-method status="PASS" signature="IOSApp()[pri:0, instance:section20maven.Mavenjava.AppiumTest@5702b3b1]" name="IOSApp" duration-ms="6" started-at="2020-06-19T04:22:57 IST" finished-at="2020-06-19T04:22:57 IST">
          <reporter-output>
          </reporter-output>
        </test-method> <!-- IOSApp -->
        <test-method status="PASS" signature="nativeAppAndroid()[pri:0, instance:section20maven.Mavenjava.AppiumTest@5702b3b1]" name="nativeAppAndroid" duration-ms="1" started-at="2020-06-19T04:22:57 IST" finished-at="2020-06-19T04:22:57 IST">
          <reporter-output>
          </reporter-output>
        </test-method> <!-- nativeAppAndroid -->
      </class> <!-- section20maven.Mavenjava.AppiumTest -->
      <class name="section20maven.Mavenjava.RESTAPITest">
        <test-method status="PASS" signature="deletTwitter()[pri:0, instance:section20maven.Mavenjava.RESTAPITest@69ea3742]" name="deletTwitter" duration-ms="0" started-at="2020-06-19T04:22:57 IST" finished-at="2020-06-19T04:22:57 IST">
          <reporter-output>
          </reporter-output>
        </test-method> <!-- deletTwitter -->
        <test-method status="PASS" signature="postJira()[pri:0, instance:section20maven.Mavenjava.RESTAPITest@69ea3742]" name="postJira" duration-ms="0" started-at="2020-06-19T04:22:57 IST" finished-at="2020-06-19T04:22:57 IST">
          <reporter-output>
          </reporter-output>
        </test-method> <!-- postJira -->
      </class> <!-- section20maven.Mavenjava.RESTAPITest -->
      <class name="section20maven.Mavenjava.SeleniumTest">
        <test-method status="PASS" signature="browserAutomation()[pri:0, instance:section20maven.Mavenjava.SeleniumTest@4b952a2d]" name="browserAutomation" duration-ms="0" started-at="2020-06-19T04:22:57 IST" finished-at="2020-06-19T04:22:57 IST">
          <reporter-output>
          </reporter-output>
        </test-method> <!-- browserAutomation -->
        <test-method status="PASS" signature="elementsUI()[pri:0, instance:section20maven.Mavenjava.SeleniumTest@4b952a2d]" name="elementsUI" duration-ms="0" started-at="2020-06-19T04:22:57 IST" finished-at="2020-06-19T04:22:57 IST">
          <reporter-output>
          </reporter-output>
        </test-method> <!-- elementsUI -->
      </class> <!-- section20maven.Mavenjava.SeleniumTest -->
    </test> <!-- Command line test -->
  </suite> <!-- Command line suite -->
</testng-results>
